<?xml version="1.0" encoding="UTF-8"?>
<!-- Generated by org.testng.reporters.JUnitXMLReporter -->
<testsuite ignored="2" hostname="DESKTOP-SQ7EEJ2" failures="0" tests="1" name="Default test" time="7.402" errors="0" timestamp="2024-08-11T21:56:27 IST">
  <testcase classname="com.Flipcarts.test.SeearchTest" name="verifySearchWithInvalidProduct" time="0.688"/>
  <testcase classname="com.Flipcarts.test.SeearchTest" name="verifySearchWithoutAnyProduct" time="0.0">
    <ignored/>
  </testcase> <!-- verifySearchWithoutAnyProduct -->
  <testcase classname="com.Flipcarts.test.SeearchTest" name="verifySearchWithValidProduct" time="0.0">
    <ignored/>
  </testcase> <!-- verifySearchWithValidProduct -->
</testsuite> <!-- Default test -->
