<?xml version="1.0" encoding="UTF-8"?>
<!-- Generated by org.testng.reporters.JUnitXMLReporter -->
<testsuite ignored="3" hostname="DESKTOP-SQ7EEJ2" failures="0" tests="1" name="edge" time="11.501" errors="0" timestamp="2024-08-16T00:09:27 IST">
  <testcase classname="com.Flipcarts.test.LoginTest" name="loginWithValidUserNameAndValidPassword1" time="1.348"/>
  <testcase classname="com.Flipcarts.test.LoginTest" name="loginWithValidUserNameAndInvalidPassword" time="0.0">
    <ignored/>
  </testcase> <!-- loginWithValidUserNameAndInvalidPassword -->
  <testcase classname="com.Flipcarts.test.LoginTest" name="loginWithInvalidUserNameAndValidPassword" time="0.0">
    <ignored/>
  </testcase> <!-- loginWithInvalidUserNameAndValidPassword -->
  <testcase classname="com.Flipcarts.test.LoginTest" name="loginWithInvalidUserNameAndInvalidPassword" time="0.0">
    <ignored/>
  </testcase> <!-- loginWithInvalidUserNameAndInvalidPassword -->
</testsuite> <!-- edge -->
