<?xml version="1.0" encoding="UTF-8"?>
<!-- Generated by org.testng.reporters.JUnitXMLReporter -->
<testsuite ignored="0" hostname="DESKTOP-SQ7EEJ2" failures="0" tests="4" name="firefox" time="43.992" errors="0" timestamp="2024-08-14T14:05:17 IST">
  <testcase classname="com.Flipcarts.test.LoginTest" name="loginWithValidUserNameAndValidPassword1" time="1.288"/>
  <testcase classname="com.Flipcarts.test.LoginTest" name="loginWithValidUserNameAndInvalidPassword" time="0.957"/>
  <testcase classname="com.Flipcarts.test.LoginTest" name="loginWithInvalidUserNameAndValidPassword" time="1.203"/>
  <testcase classname="com.Flipcarts.test.LoginTest" name="loginWithInvalidUserNameAndInvalidPassword" time="0.746"/>
</testsuite> <!-- firefox -->
