<?xml version="1.0" encoding="UTF-8"?>
<!-- Generated by org.testng.reporters.JUnitXMLReporter -->
<testsuite ignored="0" hostname="DESKTOP-SQ7EEJ2" failures="0" tests="11" name="Test" time="127.573" errors="0" timestamp="2024-08-11T22:04:47 IST">
  <testcase classname="com.Flipcarts.test.RegisterTest" name="registerWithValidFields" time="2.218"/>
  <testcase classname="com.Flipcarts.test.RegisterTest" name="registerWithValidFieldsAndSubscribe" time="2.476"/>
  <testcase classname="com.Flipcarts.test.RegisterTest" name="registerWithoutAgreeingToPrivacyPolicy" time="2.009"/>
  <testcase classname="com.Flipcarts.test.RegisterTest" name="registerWithoutEnteringAnyField" time="1.192"/>
  <testcase classname="com.Flipcarts.test.LoginTest" name="loginWithValidUserNameAndValidPassword1" time="2.027"/>
  <testcase classname="com.Flipcarts.test.LoginTest" name="loginWithValidUserNameAndInvalidPassword" time="1.031"/>
  <testcase classname="com.Flipcarts.test.LoginTest" name="loginWithInvalidUserNameAndValidPassword" time="1.58"/>
  <testcase classname="com.Flipcarts.test.LoginTest" name="loginWithInvalidUserNameAndInvalidPassword" time="0.773"/>
  <testcase classname="com.Flipcarts.test.SeearchTest" name="verifySearchWithValidProduct" time="4.406"/>
  <testcase classname="com.Flipcarts.test.SeearchTest" name="verifySearchWithInvalidProduct" time="1.207"/>
  <testcase classname="com.Flipcarts.test.SeearchTest" name="verifySearchWithoutAnyProduct" time="1.407"/>
</testsuite> <!-- Test -->
