<?xml version="1.0" encoding="UTF-8"?>
<!-- Generated by org.testng.reporters.JUnitXMLReporter -->
<testsuite ignored="0" hostname="DESKTOP-SQ7EEJ2" failures="0" tests="4" name="Test" time="46.477" errors="0" timestamp="2024-08-14T13:04:42 IST">
  <testcase classname="com.Flipcarts.test.LoginTest" name="loginWithValidUserNameAndValidPassword1" time="1.133"/>
  <testcase classname="com.Flipcarts.test.LoginTest" name="loginWithValidUserNameAndInvalidPassword" time="0.831"/>
  <testcase classname="com.Flipcarts.test.LoginTest" name="loginWithInvalidUserNameAndValidPassword" time="0.847"/>
  <testcase classname="com.Flipcarts.test.LoginTest" name="loginWithInvalidUserNameAndInvalidPassword" time="0.837"/>
</testsuite> <!-- Test -->
