<?xml version="1.0" encoding="UTF-8"?>
<testng-results ignored="6" total="8" passed="2" failed="0" skipped="0">
  <reporter-output>
  </reporter-output>
  <suite started-at="2024-08-16T00:09:03 IST" name="Suite" finished-at="2024-08-16T00:09:27 IST" duration-ms="23560">
    <groups>
    </groups>
    <test started-at="2024-08-16T00:09:03 IST" name="chrome" finished-at="2024-08-16T00:09:15 IST" duration-ms="11931">
      <class name="com.Flipcarts.test.LoginTest">
        <test-method is-config="true" signature="setup()[pri:0, instance:com.Flipcarts.test.LoginTest@38d8f54a]" started-at="2024-08-16T00:09:03 IST" name="setup" finished-at="2024-08-16T00:09:11 IST" duration-ms="7335" status="PASS">
          <reporter-output>
          </reporter-output>
        </test-method> <!-- setup -->
        <test-method signature="loginWithValidUserNameAndValidPassword1()[pri:1, instance:com.Flipcarts.test.LoginTest@38d8f54a]" started-at="2024-08-16T00:09:11 IST" name="loginWithValidUserNameAndValidPassword1" finished-at="2024-08-16T00:09:12 IST" duration-ms="1231" status="PASS">
          <reporter-output>
          </reporter-output>
        </test-method> <!-- loginWithValidUserNameAndValidPassword1 -->
        <test-method is-config="true" signature="quitBrowser()[pri:0, instance:com.Flipcarts.test.LoginTest@38d8f54a]" started-at="2024-08-16T00:09:12 IST" name="quitBrowser" finished-at="2024-08-16T00:09:15 IST" duration-ms="3292" status="PASS">
          <reporter-output>
          </reporter-output>
        </test-method> <!-- quitBrowser -->
      </class> <!-- com.Flipcarts.test.LoginTest -->
    </test> <!-- chrome -->
    <test started-at="2024-08-16T00:09:15 IST" name="edge" finished-at="2024-08-16T00:09:27 IST" duration-ms="11501">
      <class name="com.Flipcarts.test.LoginTest">
        <test-method is-config="true" signature="setup()[pri:0, instance:com.Flipcarts.test.LoginTest@dd05255]" started-at="2024-08-16T00:09:15 IST" name="setup" finished-at="2024-08-16T00:09:22 IST" duration-ms="6736" status="PASS">
          <reporter-output>
          </reporter-output>
        </test-method> <!-- setup -->
        <test-method signature="loginWithValidUserNameAndValidPassword1()[pri:1, instance:com.Flipcarts.test.LoginTest@dd05255]" started-at="2024-08-16T00:09:22 IST" name="loginWithValidUserNameAndValidPassword1" finished-at="2024-08-16T00:09:23 IST" duration-ms="1348" status="PASS">
          <reporter-output>
          </reporter-output>
        </test-method> <!-- loginWithValidUserNameAndValidPassword1 -->
        <test-method is-config="true" signature="quitBrowser()[pri:0, instance:com.Flipcarts.test.LoginTest@dd05255]" started-at="2024-08-16T00:09:23 IST" name="quitBrowser" finished-at="2024-08-16T00:09:27 IST" duration-ms="3410" status="PASS">
          <reporter-output>
          </reporter-output>
        </test-method> <!-- quitBrowser -->
      </class> <!-- com.Flipcarts.test.LoginTest -->
    </test> <!-- edge -->
  </suite> <!-- Suite -->
</testng-results>
